# JRE version: OpenJDK Runtime Environment (8.0_362-b09) (build 1.8.0_362-b09)
# Java VM: OpenJDK 64-Bit Server VM (25.362-b09 mixed mode windows-amd64 compressed oops)
Heap:
 PSYoungGen      total 305664K, used 1310K [0x000000066b300000, 0x0000000690800000, 0x00000007c0000000)
  eden space 262144K, 0% used [0x000000066b300000,0x000000066b447b88,0x000000067b300000)
  from space 43520K, 0% used [0x000000067b300000,0x000000067b300000,0x000000067dd80000)
  to   space 43520K, 0% used [0x000000068dd80000,0x000000068dd80000,0x0000000690800000)
 ParOldGen       total 273408K, used 6147K [0x00000003c1800000, 0x00000003d2300000, 0x000000066b300000)
  object space 273408K, 2% used [0x00000003c1800000,0x00000003c1e00e58,0x00000003d2300000)
 Metaspace       used 20840K, capacity 21063K, committed 21504K, reserved 1069056K
  class space    used 2378K, capacity 2459K, committed 2560K, reserved 1048576K
GC Heap History (8 events):
Event: 2.675 GC heap before
{Heap before GC invocations=1 (full 0):
 PSYoungGen      total 305664K, used 73400K [0x000000066b300000, 0x0000000680800000, 0x00000007c0000000)
  eden space 262144K, 28% used [0x000000066b300000,0x000000066faae348,0x000000067b300000)
  from space 43520K, 0% used [0x000000067dd80000,0x000000067dd80000,0x0000000680800000)
  to   space 43520K, 0% used [0x000000067b300000,0x000000067b300000,0x000000067dd80000)
 ParOldGen       total 699392K, used 0K [0x00000003c1800000, 0x00000003ec300000, 0x000000066b300000)
  object space 699392K, 0% used [0x00000003c1800000,0x00000003c1800000,0x00000003ec300000)
 Metaspace       used 17900K, capacity 18116K, committed 18432K, reserved 1064960K
  class space    used 2147K, capacity 2235K, committed 2304K, reserved 1048576K
Event: 2.679 GC heap after
Heap after GC invocations=1 (full 0):
 PSYoungGen      total 305664K, used 11051K [0x000000066b300000, 0x0000000680800000, 0x00000007c0000000)
  eden space 262144K, 0% used [0x000000066b300000,0x000000066b300000,0x000000067b300000)
  from space 43520K, 25% used [0x000000067b300000,0x000000067bdcad88,0x000000067dd80000)
  to   space 43520K, 0% used [0x000000067dd80000,0x000000067dd80000,0x0000000680800000)
 ParOldGen       total 699392K, used 16K [0x00000003c1800000, 0x00000003ec300000, 0x000000066b300000)
  object space 699392K, 0% used [0x00000003c1800000,0x00000003c1804000,0x00000003ec300000)
 Metaspace       used 17900K, capacity 18116K, committed 18432K, reserved 1064960K
  class space    used 2147K, capacity 2235K, committed 2304K, reserved 1048576K
}
Event: 2.679 GC heap before
{Heap before GC invocations=2 (full 0):
 PSYoungGen      total 305664K, used 16294K [0x000000066b300000, 0x0000000680800000, 0x00000007c0000000)
  eden space 262144K, 1% used [0x000000066b300000,0x000000066b81eb80,0x000000067b300000)
  from space 43520K, 25% used [0x000000067b300000,0x000000067bdcad88,0x000000067dd80000)
  to   space 43520K, 0% used [0x000000067dd80000,0x000000067dd80000,0x0000000680800000)
 ParOldGen       total 699392K, used 16K [0x00000003c1800000, 0x00000003ec300000, 0x000000066b300000)
  object space 699392K, 0% used [0x00000003c1800000,0x00000003c1804000,0x00000003ec300000)
 Metaspace       used 17900K, capacity 18116K, committed 18432K, reserved 1064960K
  class space    used 2147K, capacity 2235K, committed 2304K, reserved 1048576K
Event: 2.683 GC heap after
Heap after GC invocations=2 (full 0):
 PSYoungGen      total 305664K, used 11126K [0x000000066b300000, 0x0000000690800000, 0x00000007c0000000)
  eden space 262144K, 0% used [0x000000066b300000,0x000000066b300000,0x000000067b300000)
  from space 43520K, 25% used [0x000000067dd80000,0x000000067e85da98,0x0000000680800000)
  to   space 43520K, 0% used [0x000000067b300000,0x000000067b300000,0x000000067dd80000)
 ParOldGen       total 699392K, used 24K [0x00000003c1800000, 0x00000003ec300000, 0x000000066b300000)
  object space 699392K, 0% used [0x00000003c1800000,0x00000003c1806000,0x00000003ec300000)
 Metaspace       used 17900K, capacity 18116K, committed 18432K, reserved 1064960K
  class space    used 2147K, capacity 2235K, committed 2304K, reserved 1048576K
}
Event: 3.184 GC heap before
{Heap before GC invocations=3 (full 0):
 PSYoungGen      total 305664K, used 70577K [0x000000066b300000, 0x0000000690800000, 0x00000007c0000000)
  eden space 262144K, 22% used [0x000000066b300000,0x000000066ed0eba0,0x000000067b300000)
  from space 43520K, 25% used [0x000000067dd80000,0x000000067e85da98,0x0000000680800000)
  to   space 43520K, 0% used [0x000000067b300000,0x000000067b300000,0x000000067dd80000)
 ParOldGen       total 699392K, used 24K [0x00000003c1800000, 0x00000003ec300000, 0x000000066b300000)
  object space 699392K, 0% used [0x00000003c1800000,0x00000003c1806000,0x00000003ec300000)
 Metaspace       used 20748K, capacity 20935K, committed 21248K, reserved 1069056K
  class space    used 2371K, capacity 2459K, committed 2560K, reserved 1048576K
Event: 3.187 GC heap after
Heap after GC invocations=3 (full 0):
 PSYoungGen      total 305664K, used 9524K [0x000000066b300000, 0x0000000690800000, 0x00000007c0000000)
  eden space 262144K, 0% used [0x000000066b300000,0x000000066b300000,0x000000067b300000)
  from space 43520K, 21% used [0x000000067b300000,0x000000067bc4d350,0x000000067dd80000)
  to   space 43520K, 0% used [0x000000068dd80000,0x000000068dd80000,0x0000000690800000)
 ParOldGen       total 699392K, used 32K [0x00000003c1800000, 0x00000003ec300000, 0x000000066b300000)
  object space 699392K, 0% used [0x00000003c1800000,0x00000003c1808000,0x00000003ec300000)
 Metaspace       used 20748K, capacity 20935K, committed 21248K, reserved 1069056K
  class space    used 2371K, capacity 2459K, committed 2560K, reserved 1048576K
}
Event: 3.187 GC heap before
{Heap before GC invocations=4 (full 1):
 PSYoungGen      total 305664K, used 9524K [0x000000066b300000, 0x0000000690800000, 0x00000007c0000000)
  eden space 262144K, 0% used [0x000000066b300000,0x000000066b300000,0x000000067b300000)
  from space 43520K, 21% used [0x000000067b300000,0x000000067bc4d350,0x000000067dd80000)
  to   space 43520K, 0% used [0x000000068dd80000,0x000000068dd80000,0x0000000690800000)
 ParOldGen       total 699392K, used 32K [0x00000003c1800000, 0x00000003ec300000, 0x000000066b300000)
  object space 699392K, 0% used [0x00000003c1800000,0x00000003c1808000,0x00000003ec300000)
 Metaspace       used 20748K, capacity 20935K, committed 21248K, reserved 1069056K
  class space    used 2371K, capacity 2459K, committed 2560K, reserved 1048576K
Event: 3.208 GC heap after
Heap after GC invocations=4 (full 1):
 PSYoungGen      total 305664K, used 0K [0x000000066b300000, 0x0000000690800000, 0x00000007c0000000)
  eden space 262144K, 0% used [0x000000066b300000,0x000000066b300000,0x000000067b300000)
  from space 43520K, 0% used [0x000000067b300000,0x000000067b300000,0x000000067dd80000)
  to   space 43520K, 0% used [0x000000068dd80000,0x000000068dd80000,0x0000000690800000)
 ParOldGen       total 273408K, used 6147K [0x00000003c1800000, 0x00000003d2300000, 0x000000066b300000)
  object space 273408K, 2% used [0x00000003c1800000,0x00000003c1e00e58,0x00000003d2300000)
 Metaspace       used 20748K, capacity 20935K, committed 21248K, reserved 1069056K
  class space    used 2371K, capacity 2459K, committed 2560K, reserved 1048576K
}

