# JRE version: OpenJDK Runtime Environment (8.0_362-b09) (build 1.8.0_362-b09)
# Java VM: OpenJDK 64-Bit Server VM (25.362-b09 mixed mode windows-amd64 compressed oops)
Heap:
 PSYoungGen      total 305664K, used 59450K [0x000000066b300000, 0x0000000680800000, 0x00000007c0000000)
  eden space 262144K, 22% used [0x000000066b300000,0x000000066ed0eb90,0x000000067b300000)
  from space 43520K, 0% used [0x000000067dd80000,0x000000067dd80000,0x0000000680800000)
  to   space 43520K, 0% used [0x000000067b300000,0x000000067b300000,0x000000067dd80000)
 ParOldGen       total 699392K, used 7468K [0x00000003c1800000, 0x00000003ec300000, 0x000000066b300000)
  object space 699392K, 1% used [0x00000003c1800000,0x00000003c1f4b128,0x00000003ec300000)
 Metaspace       used 20593K, capacity 20803K, committed 21248K, reserved 1069056K
  class space    used 2388K, capacity 2459K, committed 2560K, reserved 1048576K
GC Heap History (8 events):
Event: 1.356 GC heap before
{Heap before GC invocations=1 (full 0):
 PSYoungGen      total 305664K, used 73400K [0x000000066b300000, 0x0000000680800000, 0x00000007c0000000)
  eden space 262144K, 28% used [0x000000066b300000,0x000000066faae3c0,0x000000067b300000)
  from space 43520K, 0% used [0x000000067dd80000,0x000000067dd80000,0x0000000680800000)
  to   space 43520K, 0% used [0x000000067b300000,0x000000067b300000,0x000000067dd80000)
 ParOldGen       total 699392K, used 0K [0x00000003c1800000, 0x00000003ec300000, 0x000000066b300000)
  object space 699392K, 0% used [0x00000003c1800000,0x00000003c1800000,0x00000003ec300000)
 Metaspace       used 17653K, capacity 17920K, committed 18176K, reserved 1064960K
  class space    used 2148K, capacity 2235K, committed 2304K, reserved 1048576K
Event: 1.361 GC heap after
Heap after GC invocations=1 (full 0):
 PSYoungGen      total 305664K, used 11111K [0x000000066b300000, 0x0000000680800000, 0x00000007c0000000)
  eden space 262144K, 0% used [0x000000066b300000,0x000000066b300000,0x000000067b300000)
  from space 43520K, 25% used [0x000000067b300000,0x000000067bdd9c58,0x000000067dd80000)
  to   space 43520K, 0% used [0x000000067dd80000,0x000000067dd80000,0x0000000680800000)
 ParOldGen       total 699392K, used 16K [0x00000003c1800000, 0x00000003ec300000, 0x000000066b300000)
  object space 699392K, 0% used [0x00000003c1800000,0x00000003c1804000,0x00000003ec300000)
 Metaspace       used 17653K, capacity 17920K, committed 18176K, reserved 1064960K
  class space    used 2148K, capacity 2235K, committed 2304K, reserved 1048576K
}
Event: 1.361 GC heap before
{Heap before GC invocations=2 (full 1):
 PSYoungGen      total 305664K, used 11111K [0x000000066b300000, 0x0000000680800000, 0x00000007c0000000)
  eden space 262144K, 0% used [0x000000066b300000,0x000000066b300000,0x000000067b300000)
  from space 43520K, 25% used [0x000000067b300000,0x000000067bdd9c58,0x000000067dd80000)
  to   space 43520K, 0% used [0x000000067dd80000,0x000000067dd80000,0x0000000680800000)
 ParOldGen       total 699392K, used 16K [0x00000003c1800000, 0x00000003ec300000, 0x000000066b300000)
  object space 699392K, 0% used [0x00000003c1800000,0x00000003c1804000,0x00000003ec300000)
 Metaspace       used 17653K, capacity 17920K, committed 18176K, reserved 1064960K
  class space    used 2148K, capacity 2235K, committed 2304K, reserved 1048576K
Event: 1.375 GC heap after
Heap after GC invocations=2 (full 1):
 PSYoungGen      total 305664K, used 0K [0x000000066b300000, 0x0000000680800000, 0x00000007c0000000)
  eden space 262144K, 0% used [0x000000066b300000,0x000000066b300000,0x000000067b300000)
  from space 43520K, 0% used [0x000000067b300000,0x000000067b300000,0x000000067dd80000)
  to   space 43520K, 0% used [0x000000067dd80000,0x000000067dd80000,0x0000000680800000)
 ParOldGen       total 699392K, used 7468K [0x00000003c1800000, 0x00000003ec300000, 0x000000066b300000)
  object space 699392K, 1% used [0x00000003c1800000,0x00000003c1f4b098,0x00000003ec300000)
 Metaspace       used 17653K, capacity 17920K, committed 18176K, reserved 1064960K
  class space    used 2148K, capacity 2235K, committed 2304K, reserved 1048576K
}
Event: 1.376 GC heap before
{Heap before GC invocations=3 (full 1):
 PSYoungGen      total 305664K, used 5243K [0x000000066b300000, 0x0000000680800000, 0x00000007c0000000)
  eden space 262144K, 2% used [0x000000066b300000,0x000000066b81ec00,0x000000067b300000)
  from space 43520K, 0% used [0x000000067b300000,0x000000067b300000,0x000000067dd80000)
  to   space 43520K, 0% used [0x000000067dd80000,0x000000067dd80000,0x0000000680800000)
 ParOldGen       total 699392K, used 7468K [0x00000003c1800000, 0x00000003ec300000, 0x000000066b300000)
  object space 699392K, 1% used [0x00000003c1800000,0x00000003c1f4b098,0x00000003ec300000)
 Metaspace       used 17654K, capacity 17920K, committed 18176K, reserved 1064960K
  class space    used 2148K, capacity 2235K, committed 2304K, reserved 1048576K
Event: 1.376 GC heap after
Heap after GC invocations=3 (full 1):
 PSYoungGen      total 305664K, used 64K [0x000000066b300000, 0x0000000680800000, 0x00000007c0000000)
  eden space 262144K, 0% used [0x000000066b300000,0x000000066b300000,0x000000067b300000)
  from space 43520K, 0% used [0x000000067dd80000,0x000000067dd90000,0x0000000680800000)
  to   space 43520K, 0% used [0x000000067b300000,0x000000067b300000,0x000000067dd80000)
 ParOldGen       total 699392K, used 7468K [0x00000003c1800000, 0x00000003ec300000, 0x000000066b300000)
  object space 699392K, 1% used [0x00000003c1800000,0x00000003c1f4b098,0x00000003ec300000)
 Metaspace       used 17654K, capacity 17920K, committed 18176K, reserved 1064960K
  class space    used 2148K, capacity 2235K, committed 2304K, reserved 1048576K
}
Event: 1.376 GC heap before
{Heap before GC invocations=4 (full 2):
 PSYoungGen      total 305664K, used 64K [0x000000066b300000, 0x0000000680800000, 0x00000007c0000000)
  eden space 262144K, 0% used [0x000000066b300000,0x000000066b300000,0x000000067b300000)
  from space 43520K, 0% used [0x000000067dd80000,0x000000067dd90000,0x0000000680800000)
  to   space 43520K, 0% used [0x000000067b300000,0x000000067b300000,0x000000067dd80000)
 ParOldGen       total 699392K, used 7468K [0x00000003c1800000, 0x00000003ec300000, 0x000000066b300000)
  object space 699392K, 1% used [0x00000003c1800000,0x00000003c1f4b098,0x00000003ec300000)
 Metaspace       used 17654K, capacity 17920K, committed 18176K, reserved 1064960K
  class space    used 2148K, capacity 2235K, committed 2304K, reserved 1048576K
Event: 1.384 GC heap after
Heap after GC invocations=4 (full 2):
 PSYoungGen      total 305664K, used 0K [0x000000066b300000, 0x0000000680800000, 0x00000007c0000000)
  eden space 262144K, 0% used [0x000000066b300000,0x000000066b300000,0x000000067b300000)
  from space 43520K, 0% used [0x000000067dd80000,0x000000067dd80000,0x0000000680800000)
  to   space 43520K, 0% used [0x000000067b300000,0x000000067b300000,0x000000067dd80000)
 ParOldGen       total 699392K, used 7468K [0x00000003c1800000, 0x00000003ec300000, 0x000000066b300000)
  object space 699392K, 1% used [0x00000003c1800000,0x00000003c1f4b128,0x00000003ec300000)
 Metaspace       used 17654K, capacity 17920K, committed 18176K, reserved 1064960K
  class space    used 2148K, capacity 2235K, committed 2304K, reserved 1048576K
}

